<?xml version="1.0" encoding="utf-8"?><testsuites name="pytest tests"><testsuite name="pytest" errors="0" failures="0" skipped="0" tests="12" time="10.913" timestamp="2026-03-16T12:24:58.874920+00:00" hostname="agent-env-08fdba70-a518-417f-9d91-a72bbff20b21"><testcase classname="tests.test_abono_payments.TestAbonoPayments" name="test_add_partial_payment_success" time="1.172" /><testcase classname="tests.test_abono_payments.TestAbonoPayments" name="test_add_full_payment_marks_as_paid" time="0.961" /><testcase classname="tests.test_abono_payments.TestAbonoPayments" name="test_multiple_payments_accumulate" time="0.903" /><testcase classname="tests.test_abono_payments.TestAbonoPayments" name="test_get_payments_history" time="1.018" /><testcase classname="tests.test_abono_payments.TestAbonoPayments" name="test_invoice_list_includes_payment_info" time="0.923" /><testcase classname="tests.test_abono_payments.TestAbonoPayments" name="test_delete_payment_updates_totals" time="1.124" /><testcase classname="tests.test_abono_payments.TestAbonoPayments" name="test_delete_all_payments_resets_to_pending" time="0.958" /><testcase classname="tests.test_abono_payments.TestAbonoPayments" name="test_quotation_cannot_have_payments" time="0.658" /><testcase classname="tests.test_abono_payments.TestAbonoPayments" name="test_payment_without_note" time="0.766" /><testcase classname="tests.test_abono_payments.TestAbonoPayments" name="test_overpayment_sets_balance_to_zero" time="0.948" /><testcase classname="tests.test_abono_payments.TestAbonoPayments" name="test_payment_on_nonexistent_invoice" time="0.539" /><testcase classname="tests.test_abono_payments.TestStatsAfterPayments" name="test_stats_endpoint_works" time="0.632" /></testsuite></testsuites>