<?xml version="1.0" encoding="utf-8"?><testsuites name="pytest tests"><testsuite name="pytest" errors="0" failures="0" skipped="0" tests="6" time="3.601" timestamp="2026-08-14T18:19:48.634884+00:00" hostname="agent-env-08fdba70-a518-417f-9d91-a72bbff20b21"><testcase classname="backend.tests.test_admin_subscription_fix.TestAdminAutoRepair" name="test_delete_admin_sub_then_status_recreates_active" time="1.133" /><testcase classname="backend.tests.test_admin_subscription_fix.TestAdminAutoRepair" name="test_admin_status_when_already_active_untouched_plan" time="0.406" /><testcase classname="backend.tests.test_admin_subscription_fix.TestNormalUserRegression" name="test_normal_user_status_not_gifted" time="0.915" /><testcase classname="backend.tests.test_admin_subscription_fix.TestGrantPremium" name="test_grant_premium_admin_success" time="0.192" /><testcase classname="backend.tests.test_admin_subscription_fix.TestGrantPremium" name="test_grant_premium_forbidden_for_non_admin" time="0.226" /><testcase classname="backend.tests.test_admin_subscription_fix.TestGrantPremium" name="test_grant_premium_unauthenticated" time="0.281" /></testsuite></testsuites>