<?xml version="1.0" encoding="utf-8"?><testsuites name="pytest tests"><testsuite name="pytest" errors="0" failures="0" skipped="0" tests="5" time="4.212" timestamp="2026-02-22T20:57:39.750366+00:00" hostname="agent-env-c7a33e4c-2d51-49e0-ab92-ea12fa26c87d"><testcase classname="backend.tests.test_cuenta_cobro_signature.TestCuentaCobroSignatureAndBank" name="test_create_cuenta_cobro_with_signature_and_bank" time="1.634" /><testcase classname="backend.tests.test_cuenta_cobro_signature.TestCuentaCobroSignatureAndBank" name="test_get_cuenta_cobro_preserves_signature_and_bank" time="0.597" /><testcase classname="backend.tests.test_cuenta_cobro_signature.TestCuentaCobroSignatureAndBank" name="test_update_cuenta_cobro_signature_and_bank" time="1.143" /><testcase classname="backend.tests.test_cuenta_cobro_signature.TestCuentaCobroSignatureAndBank" name="test_cuenta_cobro_without_signature" time="0.274" /><testcase classname="backend.tests.test_cuenta_cobro_signature.TestCuentaCobroSignatureAndBank" name="test_cuenta_cobro_with_empty_signature_rotation" time="0.243" /></testsuite></testsuites>