<?xml version="1.0" encoding="utf-8"?><testsuites name="pytest tests"><testsuite name="pytest" errors="0" failures="0" skipped="0" tests="9" time="3.464" timestamp="2026-02-22T02:46:00.974097+00:00" hostname="agent-env-0dfdb46b-2611-49bf-aab8-36e02fe5841a"><testcase classname="backend.tests.test_google_auth.TestGoogleAuthEndpoint" name="test_api_health" time="0.168" /><testcase classname="backend.tests.test_google_auth.TestGoogleAuthEndpoint" name="test_google_session_endpoint_exists" time="0.132" /><testcase classname="backend.tests.test_google_auth.TestGoogleAuthEndpoint" name="test_google_session_missing_session_id" time="0.147" /><testcase classname="backend.tests.test_google_auth.TestGoogleAuthEndpoint" name="test_google_session_invalid_session_id" time="0.619" /><testcase classname="backend.tests.test_google_auth.TestGoogleAuthEndpoint" name="test_google_logout_endpoint_exists" time="0.197" /><testcase classname="backend.tests.test_google_auth.TestRegularAuthStillWorks" name="test_register_still_works" time="0.430" /><testcase classname="backend.tests.test_google_auth.TestRegularAuthStillWorks" name="test_login_still_works" time="0.848" /><testcase classname="backend.tests.test_google_auth.TestRegularAuthStillWorks" name="test_get_me_still_works" time="0.120" /><testcase classname="backend.tests.test_google_auth.TestSubscriptionForNewUsers" name="test_new_user_has_trial_subscription" time="0.668" /></testsuite></testsuites>