<?xml version="1.0" encoding="utf-8"?><testsuites name="pytest tests"><testsuite name="pytest" errors="0" failures="0" skipped="0" tests="10" time="6.903" timestamp="2026-06-27T18:44:14.127177+00:00" hostname="agent-env-08fdba70-a518-417f-9d91-a72bbff20b21"><testcase classname="tests.test_notifications.TestBroadcast" name="test_broadcast_with_admin_returns_200" time="2.477" /><testcase classname="tests.test_notifications.TestBroadcast" name="test_broadcast_with_non_admin_returns_403" time="0.166" /><testcase classname="tests.test_notifications.TestBroadcast" name="test_broadcast_without_auth_returns_401_or_403" time="0.166" /><testcase classname="tests.test_notifications.TestNotificationCRUD" name="test_unread_count_returns_int" time="0.139" /><testcase classname="tests.test_notifications.TestNotificationCRUD" name="test_list_returns_only_own_notifications_sorted_desc" time="0.338" /><testcase classname="tests.test_notifications.TestNotificationCRUD" name="test_mark_one_as_read" time="0.602" /><testcase classname="tests.test_notifications.TestNotificationCRUD" name="test_read_all" time="0.586" /><testcase classname="tests.test_notifications.TestNotificationCRUD" name="test_delete_notification_own" time="0.588" /><testcase classname="tests.test_notifications.TestNotificationCRUD" name="test_delete_other_users_notification_returns_404" time="0.532" /><testcase classname="tests.test_notifications.TestWelcomeNotification" name="test_register_creates_welcome_notification" time="1.152" /></testsuite></testsuites>