<?xml version="1.0" encoding="utf-8"?><testsuites name="pytest tests"><testsuite name="pytest" errors="0" failures="0" skipped="0" tests="4" time="3.738" timestamp="2026-07-13T06:46:01.226477+00:00" hostname="agent-env-08fdba70-a518-417f-9d91-a72bbff20b21"><testcase classname="backend.tests.test_products" name="test_unauth_returns_401_or_403" time="1.279" /><testcase classname="backend.tests.test_products" name="test_create_empty_description_400" time="0.173" /><testcase classname="backend.tests.test_products" name="test_create_list_update_delete" time="1.646" /><testcase classname="backend.tests.test_products" name="test_update_delete_nonexistent" time="0.498" /></testsuite></testsuites>