<?xml version="1.0" encoding="utf-8"?><testsuites name="pytest tests"><testsuite name="pytest" errors="0" failures="4" skipped="0" tests="15" time="5.172" timestamp="2026-02-10T04:09:46.383917+00:00" hostname="agent-env-8b1275f0-e292-400d-894d-917e3004ce57"><testcase classname="tests.test_factuya_api.TestHealthCheck" name="test_api_health" time="0.203" /><testcase classname="tests.test_factuya_api.TestAuthentication" name="test_register_new_user" time="0.472" /><testcase classname="tests.test_factuya_api.TestAuthentication" name="test_register_duplicate_email" time="0.479" /><testcase classname="tests.test_factuya_api.TestAuthentication" name="test_login_success" time="0.400" /><testcase classname="tests.test_factuya_api.TestAuthentication" name="test_login_invalid_credentials" time="0.071" /><testcase classname="tests.test_factuya_api.TestAuthentication" name="test_get_current_user" time="0.082" /><testcase classname="tests.test_factuya_api.TestSubscription" name="test_get_subscription_status" time="0.489" /><testcase classname="tests.test_factuya_api.TestSubscription" name="test_create_checkout_session" time="0.879" /><testcase classname="tests.test_factuya_api.TestInvoices" name="test_get_invoices_empty" time="0.481" /><testcase classname="tests.test_factuya_api.TestInvoices" name="test_create_invoice" time="0.072"><failure message="assert 403 == 200&#10; +  where 403 = &lt;Response [403]&gt;.status_code">tests/test_factuya_api.py:255: in test_create_invoice
    assert response.status_code == 200
E   assert 403 == 200
E    +  where 403 = &lt;Response [403]&gt;.status_code</failure></testcase><testcase classname="tests.test_factuya_api.TestInvoices" name="test_get_invoice_by_id" time="0.073"><failure message="assert 403 == 200&#10; +  where 403 = &lt;Response [403]&gt;.status_code">tests/test_factuya_api.py:273: in test_get_invoice_by_id
    assert create_response.status_code == 200
E   assert 403 == 200
E    +  where 403 = &lt;Response [403]&gt;.status_code</failure></testcase><testcase classname="tests.test_factuya_api.TestInvoices" name="test_update_invoice" time="0.076"><failure message="assert 403 == 200&#10; +  where 403 = &lt;Response [403]&gt;.status_code">tests/test_factuya_api.py:291: in test_update_invoice
    assert create_response.status_code == 200
E   assert 403 == 200
E    +  where 403 = &lt;Response [403]&gt;.status_code</failure></testcase><testcase classname="tests.test_factuya_api.TestInvoices" name="test_delete_invoice" time="0.069"><failure message="assert 403 == 200&#10; +  where 403 = &lt;Response [403]&gt;.status_code">tests/test_factuya_api.py:318: in test_delete_invoice
    assert create_response.status_code == 200
E   assert 403 == 200
E    +  where 403 = &lt;Response [403]&gt;.status_code</failure></testcase><testcase classname="tests.test_factuya_api.TestInvoices" name="test_get_invoice_stats" time="0.072" /><testcase classname="tests.test_factuya_api.TestSubscriptionLimit" name="test_trial_invoice_count_increments" time="0.724" /></testsuite></testsuites>