<?xml version="1.0" encoding="utf-8"?><testsuites name="pytest tests"><testsuite name="pytest" errors="0" failures="0" skipped="0" tests="24" time="16.002" timestamp="2026-02-22T02:46:13.752522+00:00" hostname="agent-env-0dfdb46b-2611-49bf-aab8-36e02fe5841a"><testcase classname="backend.tests.test_factuya_api.TestHealthCheck" name="test_api_health" time="0.290" /><testcase classname="backend.tests.test_factuya_api.TestAuthentication" name="test_register_new_user" time="0.625" /><testcase classname="backend.tests.test_factuya_api.TestAuthentication" name="test_register_duplicate_email" time="0.943" /><testcase classname="backend.tests.test_factuya_api.TestAuthentication" name="test_login_success" time="0.657" /><testcase classname="backend.tests.test_factuya_api.TestAuthentication" name="test_login_invalid_credentials" time="0.268" /><testcase classname="backend.tests.test_factuya_api.TestAuthentication" name="test_get_current_user" time="0.296" /><testcase classname="backend.tests.test_factuya_api.TestSubscription" name="test_get_subscription_status" time="1.335" /><testcase classname="backend.tests.test_factuya_api.TestSubscription" name="test_create_checkout_session" time="1.294" /><testcase classname="backend.tests.test_factuya_api.TestInvoices" name="test_get_invoices_empty" time="1.140" /><testcase classname="backend.tests.test_factuya_api.TestInvoices" name="test_create_invoice" time="0.257" /><testcase classname="backend.tests.test_factuya_api.TestInvoices" name="test_get_invoice_by_id" time="0.395" /><testcase classname="backend.tests.test_factuya_api.TestInvoices" name="test_update_invoice" time="0.735" /><testcase classname="backend.tests.test_factuya_api.TestInvoices" name="test_delete_invoice" time="0.792" /><testcase classname="backend.tests.test_factuya_api.TestInvoices" name="test_get_invoice_stats" time="0.203" /><testcase classname="backend.tests.test_factuya_api.TestSubscriptionLimit" name="test_trial_invoice_count_increments" time="1.471" /><testcase classname="backend.tests.test_google_auth.TestGoogleAuthEndpoint" name="test_api_health" time="0.214" /><testcase classname="backend.tests.test_google_auth.TestGoogleAuthEndpoint" name="test_google_session_endpoint_exists" time="0.298" /><testcase classname="backend.tests.test_google_auth.TestGoogleAuthEndpoint" name="test_google_session_missing_session_id" time="0.278" /><testcase classname="backend.tests.test_google_auth.TestGoogleAuthEndpoint" name="test_google_session_invalid_session_id" time="0.540" /><testcase classname="backend.tests.test_google_auth.TestGoogleAuthEndpoint" name="test_google_logout_endpoint_exists" time="0.263" /><testcase classname="backend.tests.test_google_auth.TestRegularAuthStillWorks" name="test_register_still_works" time="0.709" /><testcase classname="backend.tests.test_google_auth.TestRegularAuthStillWorks" name="test_login_still_works" time="1.530" /><testcase classname="backend.tests.test_google_auth.TestRegularAuthStillWorks" name="test_get_me_still_works" time="0.187" /><testcase classname="backend.tests.test_google_auth.TestSubscriptionForNewUsers" name="test_new_user_has_trial_subscription" time="0.895" /></testsuite></testsuites>